<!DOCTYPE html PUBLIC "-//W3C//DTD XHTML 1.1//EN" "http://www.w3.org/TR/xhtml11/DTD/xhtml11.dtd">
<html xmlns="http://www.w3.org/1999/xhtml">
<head>
<meta http-equiv="content-type" content="text/html; charset=UTF-8"/>
<title>TestNG Report</title>
<style type="text/css">table {margin-bottom:10px;border-collapse:collapse;empty-cells:show}th,td {border:1px solid #009;padding:.25em .5em}th {vertical-align:bottom}td {vertical-align:top}table a {font-weight:bold}.stripe td {background-color: #E6EBF9}.num {text-align:right}.passedodd td {background-color: #3F3}.passedeven td {background-color: #0A0}.skippedodd td {background-color: #DDD}.skippedeven td {background-color: #CCC}.failedodd td,.attn {background-color: #F33}.failedeven td,.stripe .attn {background-color: #D00}.stacktrace {white-space:pre;font-family:monospace}.totop {font-size:85%;text-align:center;border-bottom:2px solid #000}.invisible {display:none}</style>
</head>
<body>
<table>
<tr><th>Test</th><th># Passed</th><th># Skipped</th><th># Retried</th><th># Failed</th><th>Time (ms)</th><th>Included Groups</th><th>Excluded Groups</th></tr>
<tr><th colspan="7">Test-method Suite</th></tr>
<tr><td><a href="#t0">Test</a></td><td class="num">36</td><td class="num">0</td><td class="num">0</td><td class="num attn">35</td><td class="num">132</td><td>Doubletg, Doublesum, Arithmetic</td><td></td></tr>
</table>
<table id='summary'><thead><tr><th>Class</th><th>Method</th><th>Start</th><th>Time (ms)</th></tr></thead><tbody><tr><th colspan="4">Test-method Suite</th></tr></tbody><tbody id="t0"><tr><th colspan="4">Test &#8212; failed</th></tr><tr class="failedeven"><td rowspan="35">calculatorTest.TestCalculator</td><td><a href="#m0">div</a></td><td rowspan="5">1572437558100</td><td rowspan="5">0</td></tr><tr class="failedeven"><td><a href="#m1">div</a></td></tr><tr class="failedeven"><td><a href="#m2">div</a></td></tr><tr class="failedeven"><td><a href="#m3">div</a></td></tr><tr class="failedeven"><td><a href="#m4">div</a></td></tr><tr class="failedeven"><td><a href="#m5">mult</a></td><td rowspan="5">1572437558022</td><td rowspan="5">15</td></tr><tr class="failedeven"><td><a href="#m6">mult</a></td></tr><tr class="failedeven"><td><a href="#m7">mult</a></td></tr><tr class="failedeven"><td><a href="#m8">mult</a></td></tr><tr class="failedeven"><td><a href="#m9">mult</a></td></tr><tr class="failedeven"><td><a href="#m10">pow</a></td><td rowspan="5">1572437558022</td><td rowspan="5">0</td></tr><tr class="failedeven"><td><a href="#m11">pow</a></td></tr><tr class="failedeven"><td><a href="#m12">pow</a></td></tr><tr class="failedeven"><td><a href="#m13">pow</a></td></tr><tr class="failedeven"><td><a href="#m14">pow</a></td></tr><tr class="failedeven"><td><a href="#m15">sqrt</a></td><td rowspan="5">1572437558053</td><td rowspan="5">0</td></tr><tr class="failedeven"><td><a href="#m16">sqrt</a></td></tr><tr class="failedeven"><td><a href="#m17">sqrt</a></td></tr><tr class="failedeven"><td><a href="#m18">sqrt</a></td></tr><tr class="failedeven"><td><a href="#m19">sqrt</a></td></tr><tr class="failedeven"><td><a href="#m20">sub</a></td><td rowspan="5">1572437558053</td><td rowspan="5">0</td></tr><tr class="failedeven"><td><a href="#m21">sub</a></td></tr><tr class="failedeven"><td><a href="#m22">sub</a></td></tr><tr class="failedeven"><td><a href="#m23">sub</a></td></tr><tr class="failedeven"><td><a href="#m24">sub</a></td></tr><tr class="failedeven"><td><a href="#m25">sum</a></td><td rowspan="5">1572437558069</td><td rowspan="5">0</td></tr><tr class="failedeven"><td><a href="#m26">sum</a></td></tr><tr class="failedeven"><td><a href="#m27">sum</a></td></tr><tr class="failedeven"><td><a href="#m28">sum</a></td></tr><tr class="failedeven"><td><a href="#m29">sum</a></td></tr><tr class="failedeven"><td><a href="#m30">tg</a></td><td rowspan="5">1572437558069</td><td rowspan="5">0</td></tr><tr class="failedeven"><td><a href="#m31">tg</a></td></tr><tr class="failedeven"><td><a href="#m32">tg</a></td></tr><tr class="failedeven"><td><a href="#m33">tg</a></td></tr><tr class="failedeven"><td><a href="#m34">tg</a></td></tr><tr><th colspan="4">Test &#8212; passed</th></tr><tr class="passedeven"><td rowspan="36">calculatorTest.TestCalculator</td><td><a href="#m35">DivideByZero</a></td><td rowspan="1">1572437558000</td><td rowspan="1">0</td></tr><tr class="passedeven"><td><a href="#m36">div</a></td><td rowspan="5">1572437558069</td><td rowspan="5">0</td></tr><tr class="passedeven"><td><a href="#m37">div</a></td></tr><tr class="passedeven"><td><a href="#m38">div</a></td></tr><tr class="passedeven"><td><a href="#m39">div</a></td></tr><tr class="passedeven"><td><a href="#m40">div</a></td></tr><tr class="passedeven"><td><a href="#m41">mult</a></td><td rowspan="5">1572437558015</td><td rowspan="5">0</td></tr><tr class="passedeven"><td><a href="#m42">mult</a></td></tr><tr class="passedeven"><td><a href="#m43">mult</a></td></tr><tr class="passedeven"><td><a href="#m44">mult</a></td></tr><tr class="passedeven"><td><a href="#m45">mult</a></td></tr><tr class="passedeven"><td><a href="#m46">pow</a></td><td rowspan="5">1572437558022</td><td rowspan="5">0</td></tr><tr class="passedeven"><td><a href="#m47">pow</a></td></tr><tr class="passedeven"><td><a href="#m48">pow</a></td></tr><tr class="passedeven"><td><a href="#m49">pow</a></td></tr><tr class="passedeven"><td><a href="#m50">pow</a></td></tr><tr class="passedeven"><td><a href="#m51">sqrt</a></td><td rowspan="5">1572437558037</td><td rowspan="5">0</td></tr><tr class="passedeven"><td><a href="#m52">sqrt</a></td></tr><tr class="passedeven"><td><a href="#m53">sqrt</a></td></tr><tr class="passedeven"><td><a href="#m54">sqrt</a></td></tr><tr class="passedeven"><td><a href="#m55">sqrt</a></td></tr><tr class="passedeven"><td><a href="#m56">sub</a></td><td rowspan="5">1572437558037</td><td rowspan="5">0</td></tr><tr class="passedeven"><td><a href="#m57">sub</a></td></tr><tr class="passedeven"><td><a href="#m58">sub</a></td></tr><tr class="passedeven"><td><a href="#m59">sub</a></td></tr><tr class="passedeven"><td><a href="#m60">sub</a></td></tr><tr class="passedeven"><td><a href="#m61">sum</a></td><td rowspan="5">1572437558053</td><td rowspan="5">16</td></tr><tr class="passedeven"><td><a href="#m62">sum</a></td></tr><tr class="passedeven"><td><a href="#m63">sum</a></td></tr><tr class="passedeven"><td><a href="#m64">sum</a></td></tr><tr class="passedeven"><td><a href="#m65">sum</a></td></tr><tr class="passedeven"><td><a href="#m66">tg</a></td><td rowspan="5">1572437558053</td><td rowspan="5">0</td></tr><tr class="passedeven"><td><a href="#m67">tg</a></td></tr><tr class="passedeven"><td><a href="#m68">tg</a></td></tr><tr class="passedeven"><td><a href="#m69">tg</a></td></tr><tr class="passedeven"><td><a href="#m70">tg</a></td></tr></tbody>
</table>
<h2>Test</h2><h3 id="m0">calculatorTest.TestCalculator#div</h3><table class="result"><tr class="param"><th>Parameter #1</th><th>Parameter #2</th><th>Parameter #3</th></tr><tr class="param stripe"><td>8.3</td><td>1.4</td><td>34</td></tr><tr><th colspan="3">Exception</th></tr><tr><td colspan="3"><div class="stacktrace">java.lang.AssertionError: did not expect to find [34.0] but found [5.92857142857143]
	at calculatorTest.TestCalculator.div(TestCalculator.java:43)
	at java.util.concurrent.ThreadPoolExecutor.runWorker(Unknown Source)
	at java.util.concurrent.ThreadPoolExecutor$Worker.run(Unknown Source)
	at java.lang.Thread.run(Unknown Source)
... Removed 16 stack frames</div></td></tr></table><p class="totop"><a href="#summary">back to summary</a></p>
<h3 id="m1">calculatorTest.TestCalculator#div</h3><table class="result"><tr class="param"><th>Parameter #1</th><th>Parameter #2</th><th>Parameter #3</th></tr><tr class="param stripe"><td>1.3</td><td>1.4</td><td>34</td></tr><tr><th colspan="3">Exception</th></tr><tr><td colspan="3"><div class="stacktrace">java.lang.AssertionError: did not expect to find [34.0] but found [0.9285714285714287]
	at calculatorTest.TestCalculator.div(TestCalculator.java:43)
	at java.util.concurrent.ThreadPoolExecutor.runWorker(Unknown Source)
	at java.util.concurrent.ThreadPoolExecutor$Worker.run(Unknown Source)
	at java.lang.Thread.run(Unknown Source)
... Removed 16 stack frames</div></td></tr></table><p class="totop"><a href="#summary">back to summary</a></p>
<h3 id="m2">calculatorTest.TestCalculator#div</h3><table class="result"><tr class="param"><th>Parameter #1</th><th>Parameter #2</th><th>Parameter #3</th></tr><tr class="param stripe"><td>9.3</td><td>1.4</td><td>34</td></tr><tr><th colspan="3">Exception</th></tr><tr><td colspan="3"><div class="stacktrace">java.lang.AssertionError: did not expect to find [34.0] but found [6.642857142857144]
	at calculatorTest.TestCalculator.div(TestCalculator.java:43)
	at java.util.concurrent.ThreadPoolExecutor.runWorker(Unknown Source)
	at java.util.concurrent.ThreadPoolExecutor$Worker.run(Unknown Source)
	at java.lang.Thread.run(Unknown Source)
... Removed 16 stack frames</div></td></tr></table><p class="totop"><a href="#summary">back to summary</a></p>
<h3 id="m3">calculatorTest.TestCalculator#div</h3><table class="result"><tr class="param"><th>Parameter #1</th><th>Parameter #2</th><th>Parameter #3</th></tr><tr class="param stripe"><td>-11.3</td><td>1.4</td><td>34</td></tr><tr><th colspan="3">Exception</th></tr><tr><td colspan="3"><div class="stacktrace">java.lang.AssertionError: did not expect to find [34.0] but found [-8.071428571428573]
	at calculatorTest.TestCalculator.div(TestCalculator.java:43)
	at java.util.concurrent.ThreadPoolExecutor.runWorker(Unknown Source)
	at java.util.concurrent.ThreadPoolExecutor$Worker.run(Unknown Source)
	at java.lang.Thread.run(Unknown Source)
... Removed 16 stack frames</div></td></tr></table><p class="totop"><a href="#summary">back to summary</a></p>
<h3 id="m4">calculatorTest.TestCalculator#div</h3><table class="result"><tr class="param"><th>Parameter #1</th><th>Parameter #2</th><th>Parameter #3</th></tr><tr class="param stripe"><td>3.3</td><td>1.4</td><td>34</td></tr><tr><th colspan="3">Exception</th></tr><tr><td colspan="3"><div class="stacktrace">java.lang.AssertionError: did not expect to find [34.0] but found [2.357142857142857]
	at calculatorTest.TestCalculator.div(TestCalculator.java:43)
	at java.util.concurrent.ThreadPoolExecutor.runWorker(Unknown Source)
	at java.util.concurrent.ThreadPoolExecutor$Worker.run(Unknown Source)
	at java.lang.Thread.run(Unknown Source)
... Removed 16 stack frames</div></td></tr></table><p class="totop"><a href="#summary">back to summary</a></p>
<h3 id="m5">calculatorTest.TestCalculator#mult</h3><table class="result"><tr class="param"><th>Parameter #1</th><th>Parameter #2</th><th>Parameter #3</th></tr><tr class="param stripe"><td>-11.3</td><td>1.4</td><td>34</td></tr><tr><th colspan="3">Exception</th></tr><tr><td colspan="3"><div class="stacktrace">java.lang.AssertionError: did not expect to find [34.0] but found [-16.0]
	at calculatorTest.TestCalculator.mult(TestCalculator.java:37)
	at java.util.concurrent.ThreadPoolExecutor.runWorker(Unknown Source)
	at java.util.concurrent.ThreadPoolExecutor$Worker.run(Unknown Source)
	at java.lang.Thread.run(Unknown Source)
... Removed 16 stack frames</div></td></tr></table><p class="totop"><a href="#summary">back to summary</a></p>
<h3 id="m6">calculatorTest.TestCalculator#mult</h3><table class="result"><tr class="param"><th>Parameter #1</th><th>Parameter #2</th><th>Parameter #3</th></tr><tr class="param stripe"><td>8.3</td><td>1.4</td><td>34</td></tr><tr><th colspan="3">Exception</th></tr><tr><td colspan="3"><div class="stacktrace">java.lang.AssertionError: did not expect to find [34.0] but found [11.0]
	at calculatorTest.TestCalculator.mult(TestCalculator.java:37)
	at java.util.concurrent.ThreadPoolExecutor.runWorker(Unknown Source)
	at java.util.concurrent.ThreadPoolExecutor$Worker.run(Unknown Source)
	at java.lang.Thread.run(Unknown Source)
... Removed 16 stack frames</div></td></tr></table><p class="totop"><a href="#summary">back to summary</a></p>
<h3 id="m7">calculatorTest.TestCalculator#mult</h3><table class="result"><tr class="param"><th>Parameter #1</th><th>Parameter #2</th><th>Parameter #3</th></tr><tr class="param stripe"><td>1.3</td><td>1.4</td><td>34</td></tr><tr><th colspan="3">Exception</th></tr><tr><td colspan="3"><div class="stacktrace">java.lang.AssertionError: did not expect to find [34.0] but found [1.0]
	at calculatorTest.TestCalculator.mult(TestCalculator.java:37)
	at java.util.concurrent.ThreadPoolExecutor.runWorker(Unknown Source)
	at java.util.concurrent.ThreadPoolExecutor$Worker.run(Unknown Source)
	at java.lang.Thread.run(Unknown Source)
... Removed 16 stack frames</div></td></tr></table><p class="totop"><a href="#summary">back to summary</a></p>
<h3 id="m8">calculatorTest.TestCalculator#mult</h3><table class="result"><tr class="param"><th>Parameter #1</th><th>Parameter #2</th><th>Parameter #3</th></tr><tr class="param stripe"><td>3.3</td><td>1.4</td><td>34</td></tr><tr><th colspan="3">Exception</th></tr><tr><td colspan="3"><div class="stacktrace">java.lang.AssertionError: did not expect to find [34.0] but found [4.0]
	at calculatorTest.TestCalculator.mult(TestCalculator.java:37)
	at java.util.concurrent.ThreadPoolExecutor.runWorker(Unknown Source)
	at java.util.concurrent.ThreadPoolExecutor$Worker.run(Unknown Source)
	at java.lang.Thread.run(Unknown Source)
... Removed 16 stack frames</div></td></tr></table><p class="totop"><a href="#summary">back to summary</a></p>
<h3 id="m9">calculatorTest.TestCalculator#mult</h3><table class="result"><tr class="param"><th>Parameter #1</th><th>Parameter #2</th><th>Parameter #3</th></tr><tr class="param stripe"><td>9.3</td><td>1.4</td><td>34</td></tr><tr><th colspan="3">Exception</th></tr><tr><td colspan="3"><div class="stacktrace">java.lang.AssertionError: did not expect to find [34.0] but found [13.0]
	at calculatorTest.TestCalculator.mult(TestCalculator.java:37)
	at java.util.concurrent.ThreadPoolExecutor.runWorker(Unknown Source)
	at java.util.concurrent.ThreadPoolExecutor$Worker.run(Unknown Source)
	at java.lang.Thread.run(Unknown Source)
... Removed 16 stack frames</div></td></tr></table><p class="totop"><a href="#summary">back to summary</a></p>
<h3 id="m10">calculatorTest.TestCalculator#pow</h3><table class="result"><tr class="param"><th>Parameter #1</th><th>Parameter #2</th><th>Parameter #3</th></tr><tr class="param stripe"><td>3.3</td><td>5</td><td>34</td></tr><tr><th colspan="3">Exception</th></tr><tr><td colspan="3"><div class="stacktrace">java.lang.AssertionError: did not expect to find [34.0] but found [391.3539299999999]
	at calculatorTest.TestCalculator.pow(TestCalculator.java:60)
	at java.util.concurrent.ThreadPoolExecutor.runWorker(Unknown Source)
	at java.util.concurrent.ThreadPoolExecutor$Worker.run(Unknown Source)
	at java.lang.Thread.run(Unknown Source)
... Removed 16 stack frames</div></td></tr></table><p class="totop"><a href="#summary">back to summary</a></p>
<h3 id="m11">calculatorTest.TestCalculator#pow</h3><table class="result"><tr class="param"><th>Parameter #1</th><th>Parameter #2</th><th>Parameter #3</th></tr><tr class="param stripe"><td>1.3</td><td>4</td><td>34</td></tr><tr><th colspan="3">Exception</th></tr><tr><td colspan="3"><div class="stacktrace">java.lang.AssertionError: did not expect to find [34.0] but found [2.8561000000000005]
	at calculatorTest.TestCalculator.pow(TestCalculator.java:60)
	at java.util.concurrent.ThreadPoolExecutor.runWorker(Unknown Source)
	at java.util.concurrent.ThreadPoolExecutor$Worker.run(Unknown Source)
	at java.lang.Thread.run(Unknown Source)
... Removed 16 stack frames</div></td></tr></table><p class="totop"><a href="#summary">back to summary</a></p>
<h3 id="m12">calculatorTest.TestCalculator#pow</h3><table class="result"><tr class="param"><th>Parameter #1</th><th>Parameter #2</th><th>Parameter #3</th></tr><tr class="param stripe"><td>8.3</td><td>3</td><td>34</td></tr><tr><th colspan="3">Exception</th></tr><tr><td colspan="3"><div class="stacktrace">java.lang.AssertionError: did not expect to find [34.0] but found [571.7870000000001]
	at calculatorTest.TestCalculator.pow(TestCalculator.java:60)
	at java.util.concurrent.ThreadPoolExecutor.runWorker(Unknown Source)
	at java.util.concurrent.ThreadPoolExecutor$Worker.run(Unknown Source)
	at java.lang.Thread.run(Unknown Source)
... Removed 16 stack frames</div></td></tr></table><p class="totop"><a href="#summary">back to summary</a></p>
<h3 id="m13">calculatorTest.TestCalculator#pow</h3><table class="result"><tr class="param"><th>Parameter #1</th><th>Parameter #2</th><th>Parameter #3</th></tr><tr class="param stripe"><td>-11.3</td><td>2</td><td>34</td></tr><tr><th colspan="3">Exception</th></tr><tr><td colspan="3"><div class="stacktrace">java.lang.AssertionError: did not expect to find [34.0] but found [127.69000000000001]
	at calculatorTest.TestCalculator.pow(TestCalculator.java:60)
	at java.util.concurrent.ThreadPoolExecutor.runWorker(Unknown Source)
	at java.util.concurrent.ThreadPoolExecutor$Worker.run(Unknown Source)
	at java.lang.Thread.run(Unknown Source)
... Removed 16 stack frames</div></td></tr></table><p class="totop"><a href="#summary">back to summary</a></p>
<h3 id="m14">calculatorTest.TestCalculator#pow</h3><table class="result"><tr class="param"><th>Parameter #1</th><th>Parameter #2</th><th>Parameter #3</th></tr><tr class="param stripe"><td>9.3</td><td>6</td><td>34</td></tr><tr><th colspan="3">Exception</th></tr><tr><td colspan="3"><div class="stacktrace">java.lang.AssertionError: did not expect to find [34.0] but found [646990.1834490004]
	at calculatorTest.TestCalculator.pow(TestCalculator.java:60)
	at java.util.concurrent.ThreadPoolExecutor.runWorker(Unknown Source)
	at java.util.concurrent.ThreadPoolExecutor$Worker.run(Unknown Source)
	at java.lang.Thread.run(Unknown Source)
... Removed 16 stack frames</div></td></tr></table><p class="totop"><a href="#summary">back to summary</a></p>
<h3 id="m15">calculatorTest.TestCalculator#sqrt</h3><table class="result"><tr class="param"><th>Parameter #1</th><th>Parameter #2</th></tr><tr class="param stripe"><td>9.3</td><td>34</td></tr><tr><th colspan="2">Exception</th></tr><tr><td colspan="2"><div class="stacktrace">java.lang.AssertionError: did not expect to find [34.0] but found [3.0495901363953815]
	at calculatorTest.TestCalculator.sqrt(TestCalculator.java:54)
	at java.util.concurrent.ThreadPoolExecutor.runWorker(Unknown Source)
	at java.util.concurrent.ThreadPoolExecutor$Worker.run(Unknown Source)
	at java.lang.Thread.run(Unknown Source)
... Removed 16 stack frames</div></td></tr></table><p class="totop"><a href="#summary">back to summary</a></p>
<h3 id="m16">calculatorTest.TestCalculator#sqrt</h3><table class="result"><tr class="param"><th>Parameter #1</th><th>Parameter #2</th></tr><tr class="param stripe"><td>1.3</td><td>34</td></tr><tr><th colspan="2">Exception</th></tr><tr><td colspan="2"><div class="stacktrace">java.lang.AssertionError: did not expect to find [34.0] but found [1.140175425099138]
	at calculatorTest.TestCalculator.sqrt(TestCalculator.java:54)
	at java.util.concurrent.ThreadPoolExecutor.runWorker(Unknown Source)
	at java.util.concurrent.ThreadPoolExecutor$Worker.run(Unknown Source)
	at java.lang.Thread.run(Unknown Source)
... Removed 16 stack frames</div></td></tr></table><p class="totop"><a href="#summary">back to summary</a></p>
<h3 id="m17">calculatorTest.TestCalculator#sqrt</h3><table class="result"><tr class="param"><th>Parameter #1</th><th>Parameter #2</th></tr><tr class="param stripe"><td>8.3</td><td>34</td></tr><tr><th colspan="2">Exception</th></tr><tr><td colspan="2"><div class="stacktrace">java.lang.AssertionError: did not expect to find [34.0] but found [2.8809720581775866]
	at calculatorTest.TestCalculator.sqrt(TestCalculator.java:54)
	at java.util.concurrent.ThreadPoolExecutor.runWorker(Unknown Source)
	at java.util.concurrent.ThreadPoolExecutor$Worker.run(Unknown Source)
	at java.lang.Thread.run(Unknown Source)
... Removed 16 stack frames</div></td></tr></table><p class="totop"><a href="#summary">back to summary</a></p>
<h3 id="m18">calculatorTest.TestCalculator#sqrt</h3><table class="result"><tr class="param"><th>Parameter #1</th><th>Parameter #2</th></tr><tr class="param stripe"><td>3.3</td><td>34</td></tr><tr><th colspan="2">Exception</th></tr><tr><td colspan="2"><div class="stacktrace">java.lang.AssertionError: did not expect to find [34.0] but found [1.816590212458495]
	at calculatorTest.TestCalculator.sqrt(TestCalculator.java:54)
	at java.util.concurrent.ThreadPoolExecutor.runWorker(Unknown Source)
	at java.util.concurrent.ThreadPoolExecutor$Worker.run(Unknown Source)
	at java.lang.Thread.run(Unknown Source)
... Removed 16 stack frames</div></td></tr></table><p class="totop"><a href="#summary">back to summary</a></p>
<h3 id="m19">calculatorTest.TestCalculator#sqrt</h3><table class="result"><tr class="param"><th>Parameter #1</th><th>Parameter #2</th></tr><tr class="param stripe"><td>-11.3</td><td>34</td></tr><tr><th colspan="2">Exception</th></tr><tr><td colspan="2"><div class="stacktrace">java.lang.AssertionError: did not expect to find [34.0] but found [3.361547262794322]
	at calculatorTest.TestCalculator.sqrt(TestCalculator.java:54)
	at java.util.concurrent.ThreadPoolExecutor.runWorker(Unknown Source)
	at java.util.concurrent.ThreadPoolExecutor$Worker.run(Unknown Source)
	at java.lang.Thread.run(Unknown Source)
... Removed 16 stack frames</div></td></tr></table><p class="totop"><a href="#summary">back to summary</a></p>
<h3 id="m20">calculatorTest.TestCalculator#sub</h3><table class="result"><tr class="param"><th>Parameter #1</th><th>Parameter #2</th><th>Parameter #3</th></tr><tr class="param stripe"><td>-11.3</td><td>1.4</td><td>34</td></tr><tr><th colspan="3">Exception</th></tr><tr><td colspan="3"><div class="stacktrace">java.lang.AssertionError: did not expect to find [34.0] but found [-12.700000000000001]
	at calculatorTest.TestCalculator.sub(TestCalculator.java:48)
	at java.util.concurrent.ThreadPoolExecutor.runWorker(Unknown Source)
	at java.util.concurrent.ThreadPoolExecutor$Worker.run(Unknown Source)
	at java.lang.Thread.run(Unknown Source)
... Removed 16 stack frames</div></td></tr></table><p class="totop"><a href="#summary">back to summary</a></p>
<h3 id="m21">calculatorTest.TestCalculator#sub</h3><table class="result"><tr class="param"><th>Parameter #1</th><th>Parameter #2</th><th>Parameter #3</th></tr><tr class="param stripe"><td>9.3</td><td>1.4</td><td>34</td></tr><tr><th colspan="3">Exception</th></tr><tr><td colspan="3"><div class="stacktrace">java.lang.AssertionError: did not expect to find [34.0] but found [7.9]
	at calculatorTest.TestCalculator.sub(TestCalculator.java:48)
	at java.util.concurrent.ThreadPoolExecutor.runWorker(Unknown Source)
	at java.util.concurrent.ThreadPoolExecutor$Worker.run(Unknown Source)
	at java.lang.Thread.run(Unknown Source)
... Removed 16 stack frames</div></td></tr></table><p class="totop"><a href="#summary">back to summary</a></p>
<h3 id="m22">calculatorTest.TestCalculator#sub</h3><table class="result"><tr class="param"><th>Parameter #1</th><th>Parameter #2</th><th>Parameter #3</th></tr><tr class="param stripe"><td>3.3</td><td>1.4</td><td>34</td></tr><tr><th colspan="3">Exception</th></tr><tr><td colspan="3"><div class="stacktrace">java.lang.AssertionError: did not expect to find [34.0] but found [1.9]
	at calculatorTest.TestCalculator.sub(TestCalculator.java:48)
	at java.util.concurrent.ThreadPoolExecutor.runWorker(Unknown Source)
	at java.util.concurrent.ThreadPoolExecutor$Worker.run(Unknown Source)
	at java.lang.Thread.run(Unknown Source)
... Removed 16 stack frames</div></td></tr></table><p class="totop"><a href="#summary">back to summary</a></p>
<h3 id="m23">calculatorTest.TestCalculator#sub</h3><table class="result"><tr class="param"><th>Parameter #1</th><th>Parameter #2</th><th>Parameter #3</th></tr><tr class="param stripe"><td>8.3</td><td>1.4</td><td>34</td></tr><tr><th colspan="3">Exception</th></tr><tr><td colspan="3"><div class="stacktrace">java.lang.AssertionError: did not expect to find [34.0] but found [6.9]
	at calculatorTest.TestCalculator.sub(TestCalculator.java:48)
	at java.util.concurrent.ThreadPoolExecutor.runWorker(Unknown Source)
	at java.util.concurrent.ThreadPoolExecutor$Worker.run(Unknown Source)
	at java.lang.Thread.run(Unknown Source)
... Removed 16 stack frames</div></td></tr></table><p class="totop"><a href="#summary">back to summary</a></p>
<h3 id="m24">calculatorTest.TestCalculator#sub</h3><table class="result"><tr class="param"><th>Parameter #1</th><th>Parameter #2</th><th>Parameter #3</th></tr><tr class="param stripe"><td>1.3</td><td>1.4</td><td>34</td></tr><tr><th colspan="3">Exception</th></tr><tr><td colspan="3"><div class="stacktrace">java.lang.AssertionError: did not expect to find [34.0] but found [-0.09999999999999987]
	at calculatorTest.TestCalculator.sub(TestCalculator.java:48)
	at java.util.concurrent.ThreadPoolExecutor.runWorker(Unknown Source)
	at java.util.concurrent.ThreadPoolExecutor$Worker.run(Unknown Source)
	at java.lang.Thread.run(Unknown Source)
... Removed 16 stack frames</div></td></tr></table><p class="totop"><a href="#summary">back to summary</a></p>
<h3 id="m25">calculatorTest.TestCalculator#sum</h3><table class="result"><tr class="param"><th>Parameter #1</th><th>Parameter #2</th><th>Parameter #3</th></tr><tr class="param stripe"><td>8.3</td><td>1.4</td><td>34</td></tr><tr><th colspan="3">Exception</th></tr><tr><td colspan="3"><div class="stacktrace">java.lang.AssertionError: did not expect to find [34.0] but found [9.700000000000001]
	at calculatorTest.TestCalculator.sum(TestCalculator.java:27)
	at java.util.concurrent.ThreadPoolExecutor.runWorker(Unknown Source)
	at java.util.concurrent.ThreadPoolExecutor$Worker.run(Unknown Source)
	at java.lang.Thread.run(Unknown Source)
... Removed 16 stack frames</div></td></tr></table><p class="totop"><a href="#summary">back to summary</a></p>
<h3 id="m26">calculatorTest.TestCalculator#sum</h3><table class="result"><tr class="param"><th>Parameter #1</th><th>Parameter #2</th><th>Parameter #3</th></tr><tr class="param stripe"><td>1.3</td><td>1.4</td><td>34</td></tr><tr><th colspan="3">Exception</th></tr><tr><td colspan="3"><div class="stacktrace">java.lang.AssertionError: did not expect to find [34.0] but found [2.7]
	at calculatorTest.TestCalculator.sum(TestCalculator.java:27)
	at java.util.concurrent.ThreadPoolExecutor.runWorker(Unknown Source)
	at java.util.concurrent.ThreadPoolExecutor$Worker.run(Unknown Source)
	at java.lang.Thread.run(Unknown Source)
... Removed 16 stack frames</div></td></tr></table><p class="totop"><a href="#summary">back to summary</a></p>
<h3 id="m27">calculatorTest.TestCalculator#sum</h3><table class="result"><tr class="param"><th>Parameter #1</th><th>Parameter #2</th><th>Parameter #3</th></tr><tr class="param stripe"><td>9.3</td><td>1.4</td><td>34</td></tr><tr><th colspan="3">Exception</th></tr><tr><td colspan="3"><div class="stacktrace">java.lang.AssertionError: did not expect to find [34.0] but found [10.700000000000001]
	at calculatorTest.TestCalculator.sum(TestCalculator.java:27)
	at java.util.concurrent.ThreadPoolExecutor.runWorker(Unknown Source)
	at java.util.concurrent.ThreadPoolExecutor$Worker.run(Unknown Source)
	at java.lang.Thread.run(Unknown Source)
... Removed 16 stack frames</div></td></tr></table><p class="totop"><a href="#summary">back to summary</a></p>
<h3 id="m28">calculatorTest.TestCalculator#sum</h3><table class="result"><tr class="param"><th>Parameter #1</th><th>Parameter #2</th><th>Parameter #3</th></tr><tr class="param stripe"><td>-11.3</td><td>1.4</td><td>34</td></tr><tr><th colspan="3">Exception</th></tr><tr><td colspan="3"><div class="stacktrace">java.lang.AssertionError: did not expect to find [34.0] but found [-9.9]
	at calculatorTest.TestCalculator.sum(TestCalculator.java:27)
	at java.util.concurrent.ThreadPoolExecutor.runWorker(Unknown Source)
	at java.util.concurrent.ThreadPoolExecutor$Worker.run(Unknown Source)
	at java.lang.Thread.run(Unknown Source)
... Removed 16 stack frames</div></td></tr></table><p class="totop"><a href="#summary">back to summary</a></p>
<h3 id="m29">calculatorTest.TestCalculator#sum</h3><table class="result"><tr class="param"><th>Parameter #1</th><th>Parameter #2</th><th>Parameter #3</th></tr><tr class="param stripe"><td>3.3</td><td>1.4</td><td>34</td></tr><tr><th colspan="3">Exception</th></tr><tr><td colspan="3"><div class="stacktrace">java.lang.AssertionError: did not expect to find [34.0] but found [4.699999999999999]
	at calculatorTest.TestCalculator.sum(TestCalculator.java:27)
	at java.util.concurrent.ThreadPoolExecutor.runWorker(Unknown Source)
	at java.util.concurrent.ThreadPoolExecutor$Worker.run(Unknown Source)
	at java.lang.Thread.run(Unknown Source)
... Removed 16 stack frames</div></td></tr></table><p class="totop"><a href="#summary">back to summary</a></p>
<h3 id="m30">calculatorTest.TestCalculator#tg</h3><table class="result"><tr class="param"><th>Parameter #1</th><th>Parameter #2</th></tr><tr class="param stripe"><td>3</td><td>34</td></tr><tr><th colspan="2">Exception</th></tr><tr><td colspan="2"><div class="stacktrace">java.lang.AssertionError: did not expect to find [34.0] but found [1.0]
	at calculatorTest.TestCalculator.tg(TestCalculator.java:66)
	at java.util.concurrent.ThreadPoolExecutor.runWorker(Unknown Source)
	at java.util.concurrent.ThreadPoolExecutor$Worker.run(Unknown Source)
	at java.lang.Thread.run(Unknown Source)
... Removed 16 stack frames</div></td></tr></table><p class="totop"><a href="#summary">back to summary</a></p>
<h3 id="m31">calculatorTest.TestCalculator#tg</h3><table class="result"><tr class="param"><th>Parameter #1</th><th>Parameter #2</th></tr><tr class="param stripe"><td>3.3</td><td>34</td></tr><tr><th colspan="2">Exception</th></tr><tr><td colspan="2"><div class="stacktrace">java.lang.AssertionError: did not expect to find [34.0] but found [1.0]
	at calculatorTest.TestCalculator.tg(TestCalculator.java:66)
	at java.util.concurrent.ThreadPoolExecutor.runWorker(Unknown Source)
	at java.util.concurrent.ThreadPoolExecutor$Worker.run(Unknown Source)
	at java.lang.Thread.run(Unknown Source)
... Removed 16 stack frames</div></td></tr></table><p class="totop"><a href="#summary">back to summary</a></p>
<h3 id="m32">calculatorTest.TestCalculator#tg</h3><table class="result"><tr class="param"><th>Parameter #1</th><th>Parameter #2</th></tr><tr class="param stripe"><td>6</td><td>34</td></tr><tr><th colspan="2">Exception</th></tr><tr><td colspan="2"><div class="stacktrace">java.lang.AssertionError: did not expect to find [34.0] but found [1.0]
	at calculatorTest.TestCalculator.tg(TestCalculator.java:66)
	at java.util.concurrent.ThreadPoolExecutor.runWorker(Unknown Source)
	at java.util.concurrent.ThreadPoolExecutor$Worker.run(Unknown Source)
	at java.lang.Thread.run(Unknown Source)
... Removed 16 stack frames</div></td></tr></table><p class="totop"><a href="#summary">back to summary</a></p>
<h3 id="m33">calculatorTest.TestCalculator#tg</h3><table class="result"><tr class="param"><th>Parameter #1</th><th>Parameter #2</th></tr><tr class="param stripe"><td>2</td><td>34</td></tr><tr><th colspan="2">Exception</th></tr><tr><td colspan="2"><div class="stacktrace">java.lang.AssertionError: did not expect to find [34.0] but found [1.0]
	at calculatorTest.TestCalculator.tg(TestCalculator.java:66)
	at java.util.concurrent.ThreadPoolExecutor.runWorker(Unknown Source)
	at java.util.concurrent.ThreadPoolExecutor$Worker.run(Unknown Source)
	at java.lang.Thread.run(Unknown Source)
... Removed 16 stack frames</div></td></tr></table><p class="totop"><a href="#summary">back to summary</a></p>
<h3 id="m34">calculatorTest.TestCalculator#tg</h3><table class="result"><tr class="param"><th>Parameter #1</th><th>Parameter #2</th></tr><tr class="param stripe"><td>1.3</td><td>4</td></tr><tr><th colspan="2">Exception</th></tr><tr><td colspan="2"><div class="stacktrace">java.lang.AssertionError: did not expect to find [4.0] but found [1.0]
	at calculatorTest.TestCalculator.tg(TestCalculator.java:66)
	at java.util.concurrent.ThreadPoolExecutor.runWorker(Unknown Source)
	at java.util.concurrent.ThreadPoolExecutor$Worker.run(Unknown Source)
	at java.lang.Thread.run(Unknown Source)
... Removed 16 stack frames</div></td></tr></table><p class="totop"><a href="#summary">back to summary</a></p>
<h3 id="m35">calculatorTest.TestCalculator#DivideByZero</h3><table class="result"><tr><th>Expected Exception</th></tr><tr><td><div class="stacktrace">java.lang.NumberFormatException: Attempt to divide by zero
	at com.epam.tat.module4.Calculator.div(Calculator.java:34)
	at calculatorTest.TestCalculator.DivideByZero(TestCalculator.java:32)
	at java.util.concurrent.ThreadPoolExecutor.runWorker(Unknown Source)
	at java.util.concurrent.ThreadPoolExecutor$Worker.run(Unknown Source)
	at java.lang.Thread.run(Unknown Source)
... Removed 12 stack frames</div></td></tr></table><p class="totop"><a href="#summary">back to summary</a></p>
<h3 id="m36">calculatorTest.TestCalculator#div</h3><table class="result"><tr class="param"><th>Parameter #1</th><th>Parameter #2</th><th>Parameter #3</th></tr><tr class="param stripe"><td>6</td><td>2</td><td>3</td></tr></table><p class="totop"><a href="#summary">back to summary</a></p>
<h3 id="m37">calculatorTest.TestCalculator#div</h3><table class="result"><tr class="param"><th>Parameter #1</th><th>Parameter #2</th><th>Parameter #3</th></tr><tr class="param stripe"><td>8</td><td>8</td><td>1</td></tr></table><p class="totop"><a href="#summary">back to summary</a></p>
<h3 id="m38">calculatorTest.TestCalculator#div</h3><table class="result"><tr class="param"><th>Parameter #1</th><th>Parameter #2</th><th>Parameter #3</th></tr><tr class="param stripe"><td>1</td><td>0.0</td><td>Infinity</td></tr></table><p class="totop"><a href="#summary">back to summary</a></p>
<h3 id="m39">calculatorTest.TestCalculator#div</h3><table class="result"><tr class="param"><th>Parameter #1</th><th>Parameter #2</th><th>Parameter #3</th></tr><tr class="param stripe"><td>12.9</td><td>9.4</td><td>1.372340425531915</td></tr></table><p class="totop"><a href="#summary">back to summary</a></p>
<h3 id="m40">calculatorTest.TestCalculator#div</h3><table class="result"><tr class="param"><th>Parameter #1</th><th>Parameter #2</th><th>Parameter #3</th></tr><tr class="param stripe"><td>21</td><td>7</td><td>3</td></tr></table><p class="totop"><a href="#summary">back to summary</a></p>
<h3 id="m41">calculatorTest.TestCalculator#mult</h3><table class="result"><tr class="param"><th>Parameter #1</th><th>Parameter #2</th><th>Parameter #3</th></tr><tr class="param stripe"><td>23.2</td><td>24.8</td><td>575.0</td></tr></table><p class="totop"><a href="#summary">back to summary</a></p>
<h3 id="m42">calculatorTest.TestCalculator#mult</h3><table class="result"><tr class="param"><th>Parameter #1</th><th>Parameter #2</th><th>Parameter #3</th></tr><tr class="param stripe"><td>1.5</td><td>2.3</td><td>3.0</td></tr></table><p class="totop"><a href="#summary">back to summary</a></p>
<h3 id="m43">calculatorTest.TestCalculator#mult</h3><table class="result"><tr class="param"><th>Parameter #1</th><th>Parameter #2</th><th>Parameter #3</th></tr><tr class="param stripe"><td>8.9</td><td>9.1</td><td>80.0</td></tr></table><p class="totop"><a href="#summary">back to summary</a></p>
<h3 id="m44">calculatorTest.TestCalculator#mult</h3><table class="result"><tr class="param"><th>Parameter #1</th><th>Parameter #2</th><th>Parameter #3</th></tr><tr class="param stripe"><td>-5</td><td>4</td><td>-20</td></tr></table><p class="totop"><a href="#summary">back to summary</a></p>
<h3 id="m45">calculatorTest.TestCalculator#mult</h3><table class="result"><tr class="param"><th>Parameter #1</th><th>Parameter #2</th><th>Parameter #3</th></tr><tr class="param stripe"><td>5.3</td><td>4.3</td><td>22.0</td></tr></table><p class="totop"><a href="#summary">back to summary</a></p>
<h3 id="m46">calculatorTest.TestCalculator#pow</h3><table class="result"><tr class="param"><th>Parameter #1</th><th>Parameter #2</th><th>Parameter #3</th></tr><tr class="param stripe"><td>0</td><td>0</td><td>1.0</td></tr></table><p class="totop"><a href="#summary">back to summary</a></p>
<h3 id="m47">calculatorTest.TestCalculator#pow</h3><table class="result"><tr class="param"><th>Parameter #1</th><th>Parameter #2</th><th>Parameter #3</th></tr><tr class="param stripe"><td>12.9</td><td>3.5</td><td>2146.6890000000003</td></tr></table><p class="totop"><a href="#summary">back to summary</a></p>
<h3 id="m48">calculatorTest.TestCalculator#pow</h3><table class="result"><tr class="param"><th>Parameter #1</th><th>Parameter #2</th><th>Parameter #3</th></tr><tr class="param stripe"><td>21</td><td>4.5</td><td>194481.0</td></tr></table><p class="totop"><a href="#summary">back to summary</a></p>
<h3 id="m49">calculatorTest.TestCalculator#pow</h3><table class="result"><tr class="param"><th>Parameter #1</th><th>Parameter #2</th><th>Parameter #3</th></tr><tr class="param stripe"><td>4</td><td>2</td><td>16</td></tr></table><p class="totop"><a href="#summary">back to summary</a></p>
<h3 id="m50">calculatorTest.TestCalculator#pow</h3><table class="result"><tr class="param"><th>Parameter #1</th><th>Parameter #2</th><th>Parameter #3</th></tr><tr class="param stripe"><td>-8</td><td>2.8</td><td>64.0</td></tr></table><p class="totop"><a href="#summary">back to summary</a></p>
<h3 id="m51">calculatorTest.TestCalculator#sqrt</h3><table class="result"><tr class="param"><th>Parameter #1</th><th>Parameter #2</th></tr><tr class="param stripe"><td>8</td><td>2.8284271247461903</td></tr></table><p class="totop"><a href="#summary">back to summary</a></p>
<h3 id="m52">calculatorTest.TestCalculator#sqrt</h3><table class="result"><tr class="param"><th>Parameter #1</th><th>Parameter #2</th></tr><tr class="param stripe"><td>4</td><td>2</td></tr></table><p class="totop"><a href="#summary">back to summary</a></p>
<h3 id="m53">calculatorTest.TestCalculator#sqrt</h3><table class="result"><tr class="param"><th>Parameter #1</th><th>Parameter #2</th></tr><tr class="param stripe"><td>21</td><td>4.58257569495584</td></tr></table><p class="totop"><a href="#summary">back to summary</a></p>
<h3 id="m54">calculatorTest.TestCalculator#sqrt</h3><table class="result"><tr class="param"><th>Parameter #1</th><th>Parameter #2</th></tr><tr class="param stripe"><td>12.9</td><td>3.591656999213594</td></tr></table><p class="totop"><a href="#summary">back to summary</a></p>
<h3 id="m55">calculatorTest.TestCalculator#sqrt</h3><table class="result"><tr class="param"><th>Parameter #1</th><th>Parameter #2</th></tr><tr class="param stripe"><td>1</td><td>1</td></tr></table><p class="totop"><a href="#summary">back to summary</a></p>
<h3 id="m56">calculatorTest.TestCalculator#sub</h3><table class="result"><tr class="param"><th>Parameter #1</th><th>Parameter #2</th><th>Parameter #3</th></tr><tr class="param stripe"><td>21</td><td>7</td><td>14</td></tr></table><p class="totop"><a href="#summary">back to summary</a></p>
<h3 id="m57">calculatorTest.TestCalculator#sub</h3><table class="result"><tr class="param"><th>Parameter #1</th><th>Parameter #2</th><th>Parameter #3</th></tr><tr class="param stripe"><td>1</td><td>0</td><td>1</td></tr></table><p class="totop"><a href="#summary">back to summary</a></p>
<h3 id="m58">calculatorTest.TestCalculator#sub</h3><table class="result"><tr class="param"><th>Parameter #1</th><th>Parameter #2</th><th>Parameter #3</th></tr><tr class="param stripe"><td>12.9</td><td>9.4</td><td>3.5</td></tr></table><p class="totop"><a href="#summary">back to summary</a></p>
<h3 id="m59">calculatorTest.TestCalculator#sub</h3><table class="result"><tr class="param"><th>Parameter #1</th><th>Parameter #2</th><th>Parameter #3</th></tr><tr class="param stripe"><td>6</td><td>2</td><td>4</td></tr></table><p class="totop"><a href="#summary">back to summary</a></p>
<h3 id="m60">calculatorTest.TestCalculator#sub</h3><table class="result"><tr class="param"><th>Parameter #1</th><th>Parameter #2</th><th>Parameter #3</th></tr><tr class="param stripe"><td>8</td><td>8</td><td>0</td></tr></table><p class="totop"><a href="#summary">back to summary</a></p>
<h3 id="m61">calculatorTest.TestCalculator#sum</h3><table class="result"><tr class="param"><th>Parameter #1</th><th>Parameter #2</th><th>Parameter #3</th></tr><tr class="param stripe"><td>-5</td><td>4</td><td>-1</td></tr></table><p class="totop"><a href="#summary">back to summary</a></p>
<h3 id="m62">calculatorTest.TestCalculator#sum</h3><table class="result"><tr class="param"><th>Parameter #1</th><th>Parameter #2</th><th>Parameter #3</th></tr><tr class="param stripe"><td>8.9</td><td>9.1</td><td>18</td></tr></table><p class="totop"><a href="#summary">back to summary</a></p>
<h3 id="m63">calculatorTest.TestCalculator#sum</h3><table class="result"><tr class="param"><th>Parameter #1</th><th>Parameter #2</th><th>Parameter #3</th></tr><tr class="param stripe"><td>1.5</td><td>2.3</td><td>3.8</td></tr></table><p class="totop"><a href="#summary">back to summary</a></p>
<h3 id="m64">calculatorTest.TestCalculator#sum</h3><table class="result"><tr class="param"><th>Parameter #1</th><th>Parameter #2</th><th>Parameter #3</th></tr><tr class="param stripe"><td>5.3</td><td>4.3</td><td>9.6</td></tr></table><p class="totop"><a href="#summary">back to summary</a></p>
<h3 id="m65">calculatorTest.TestCalculator#sum</h3><table class="result"><tr class="param"><th>Parameter #1</th><th>Parameter #2</th><th>Parameter #3</th></tr><tr class="param stripe"><td>23.2</td><td>24.8</td><td>48</td></tr></table><p class="totop"><a href="#summary">back to summary</a></p>
<h3 id="m66">calculatorTest.TestCalculator#tg</h3><table class="result"><tr class="param"><th>Parameter #1</th><th>Parameter #2</th></tr><tr class="param stripe"><td>30</td><td>1.0</td></tr></table><p class="totop"><a href="#summary">back to summary</a></p>
<h3 id="m67">calculatorTest.TestCalculator#tg</h3><table class="result"><tr class="param"><th>Parameter #1</th><th>Parameter #2</th></tr><tr class="param stripe"><td>0</td><td>NaN</td></tr></table><p class="totop"><a href="#summary">back to summary</a></p>
<h3 id="m68">calculatorTest.TestCalculator#tg</h3><table class="result"><tr class="param"><th>Parameter #1</th><th>Parameter #2</th></tr><tr class="param stripe"><td>45</td><td>1.0</td></tr></table><p class="totop"><a href="#summary">back to summary</a></p>
<h3 id="m69">calculatorTest.TestCalculator#tg</h3><table class="result"><tr class="param"><th>Parameter #1</th><th>Parameter #2</th></tr><tr class="param stripe"><td>90</td><td>1.0</td></tr></table><p class="totop"><a href="#summary">back to summary</a></p>
<h3 id="m70">calculatorTest.TestCalculator#tg</h3><table class="result"><tr class="param"><th>Parameter #1</th><th>Parameter #2</th></tr><tr class="param stripe"><td>-1</td><td>1</td></tr></table><p class="totop"><a href="#summary">back to summary</a></p>
</body>
</html>
