<html>
<head>
<title>TestNG:  Test</title>
<link href="../testng.css" rel="stylesheet" type="text/css" />
<link href="../my-testng.css" rel="stylesheet" type="text/css" />

<style type="text/css">
.log { display: none;} 
.stack-trace { display: none;} 
</style>
<script type="text/javascript">
<!--
function flip(e) {
  current = e.style.display;
  if (current == 'block') {
    e.style.display = 'none';
    return 0;
  }
  else {
    e.style.display = 'block';
    return 1;
  }
}

function toggleBox(szDivId, elem, msg1, msg2)
{
  var res = -1;  if (document.getElementById) {
    res = flip(document.getElementById(szDivId));
  }
  else if (document.all) {
    // this is the way old msie versions work
    res = flip(document.all[szDivId]);
  }
  if(elem) {
    if(res == 0) elem.innerHTML = msg1; else elem.innerHTML = msg2;
  }

}

function toggleAllBoxes() {
  if (document.getElementsByTagName) {
    d = document.getElementsByTagName('div');
    for (i = 0; i < d.length; i++) {
      if (d[i].className == 'log') {
        flip(d[i]);
      }
    }
  }
}

// -->
</script>

</head>
<body>
<h2 align='center'>Test</h2><table border='1' align="center">
<tr>
<td>Tests passed/Failed/Skipped:</td><td>18/1/3</td>
</tr><tr>
<td>Started on:</td><td>Sun Dec 08 21:46:27 IST 2019</td>
</tr>
<tr><td>Total time:</td><td>9 seconds (9202 ms)</td>
</tr><tr>
<td>Included groups:</td><td></td>
</tr><tr>
<td>Excluded groups:</td><td></td>
</tr>
</table><p/>
<small><i>(Hover the method name to see the test class name)</i></small><p/>
<table width='100%' border='1' class='invocation-failed'>
<tr><td colspan='4' align='center'><b>FAILED TESTS</b></td></tr>
<tr><td><b>Test method</b></td>
<td width="30%"><b>Exception</b></td>
<td width="10%"><b>Time (seconds)</b></td>
<td><b>Instance</b></td>
</tr>
<tr>
<td title='testcases.TC002_Get_Single_Employee_Data.CheckResponseBody()'><b>CheckResponseBody</b><br>Test class: testcases.TC002_Get_Single_Employee_Data</td>
<td><div><pre>java.lang.AssertionError: expected [true] but found [false]
	at testcases.TC002_Get_Single_Employee_Data.CheckResponseBody(TC002_Get_Single_Employee_Data.java:26)
	at java.base/java.util.concurrent.ThreadPoolExecutor.runWorker(ThreadPoolExecutor.java:1128)
	at java.base/java.util.concurrent.ThreadPoolExecutor$Worker.run(ThreadPoolExecutor.java:628)
	at java.base/java.lang.Thread.run(Thread.java:834)
... Removed 17 stack frames</pre></div><a href='#' onClick='toggleBox("stack-trace2134111890", this, "Click to show all stack frames", "Click to hide stack frames")'>Click to show all stack frames</a>
<div class='stack-trace' id='stack-trace2134111890'><pre>java.lang.AssertionError: expected [true] but found [false]
	at org.testng.Assert.fail(Assert.java:97)
	at org.testng.Assert.assertEqualsImpl(Assert.java:136)
	at org.testng.Assert.assertEquals(Assert.java:118)
	at org.testng.Assert.assertEquals(Assert.java:751)
	at org.testng.Assert.assertEquals(Assert.java:761)
	at testcases.TC002_Get_Single_Employee_Data.CheckResponseBody(TC002_Get_Single_Employee_Data.java:26)
	at java.base/jdk.internal.reflect.NativeMethodAccessorImpl.invoke0(Native Method)
	at java.base/jdk.internal.reflect.NativeMethodAccessorImpl.invoke(NativeMethodAccessorImpl.java:62)
	at java.base/jdk.internal.reflect.DelegatingMethodAccessorImpl.invoke(DelegatingMethodAccessorImpl.java:43)
	at java.base/java.lang.reflect.Method.invoke(Method.java:566)
	at org.testng.internal.MethodInvocationHelper.invokeMethod(MethodInvocationHelper.java:133)
	at org.testng.internal.TestInvoker.invokeMethod(TestInvoker.java:584)
	at org.testng.internal.TestInvoker.retryFailed(TestInvoker.java:204)
	at org.testng.internal.MethodRunner.runInSequence(MethodRunner.java:58)
	at org.testng.internal.TestInvoker$MethodInvocationAgent.invoke(TestInvoker.java:804)
	at org.testng.internal.TestInvoker.invokeTestMethods(TestInvoker.java:145)
	at org.testng.internal.TestMethodWorker.invokeTestMethods(TestMethodWorker.java:146)
	at org.testng.internal.TestMethodWorker.run(TestMethodWorker.java:128)
	at java.base/java.util.concurrent.ThreadPoolExecutor.runWorker(ThreadPoolExecutor.java:1128)
	at java.base/java.util.concurrent.ThreadPoolExecutor$Worker.run(ThreadPoolExecutor.java:628)
	at java.base/java.lang.Thread.run(Thread.java:834)
</pre></div></td>
<td>0</td>
<td>testcases.TC002_Get_Single_Employee_Data@17d919b6</td></tr>
</table><p>
<table width='100%' border='1' class='invocation-passed'>
<tr><td colspan='4' align='center'><b>PASSED TESTS</b></td></tr>
<tr><td><b>Test method</b></td>
<td width="30%"><b>Exception</b></td>
<td width="10%"><b>Time (seconds)</b></td>
<td><b>Instance</b></td>
</tr>
<tr>
<td title='testcases.TC001_Get_All_Employees.CheckResponseBody()'><b>CheckResponseBody</b><br>Test class: testcases.TC001_Get_All_Employees</td>
<td></td>
<td>0</td>
<td>testcases.TC001_Get_All_Employees@34129c78</td></tr>
<tr>
<td title='testcases.TC006_Delete_Emp_Record.CheckResponseBody()'><b>CheckResponseBody</b><br>Test class: testcases.TC006_Delete_Emp_Record</td>
<td></td>
<td>0</td>
<td>testcases.TC006_Delete_Emp_Record@7d61eb55</td></tr>
<tr>
<td title='testcases.TC002_Get_Single_Employee_Data.CheckResponseTime()'><b>CheckResponseTime</b><br>Test class: testcases.TC002_Get_Single_Employee_Data</td>
<td></td>
<td>0</td>
<td>testcases.TC002_Get_Single_Employee_Data@17d919b6</td></tr>
<tr>
<td title='testcases.TC001_Get_All_Employees.CheckResponseTime()'><b>CheckResponseTime</b><br>Test class: testcases.TC001_Get_All_Employees</td>
<td></td>
<td>0</td>
<td>testcases.TC001_Get_All_Employees@34129c78</td></tr>
<tr>
<td title='testcases.TC006_Delete_Emp_Record.CheckResponseTime()'><b>CheckResponseTime</b><br>Test class: testcases.TC006_Delete_Emp_Record</td>
<td></td>
<td>0</td>
<td>testcases.TC006_Delete_Emp_Record@7d61eb55</td></tr>
<tr>
<td title='testcases.TC002_Get_Single_Employee_Data.CheckStatusCode()'><b>CheckStatusCode</b><br>Test class: testcases.TC002_Get_Single_Employee_Data</td>
<td></td>
<td>0</td>
<td>testcases.TC002_Get_Single_Employee_Data@17d919b6</td></tr>
<tr>
<td title='testcases.TC001_Get_All_Employees.CheckStatusCode()'><b>CheckStatusCode</b><br>Test class: testcases.TC001_Get_All_Employees</td>
<td></td>
<td>0</td>
<td>testcases.TC001_Get_All_Employees@34129c78</td></tr>
<tr>
<td title='testcases.TC006_Delete_Emp_Record.CheckStatusCode()'><b>CheckStatusCode</b><br>Test class: testcases.TC006_Delete_Emp_Record</td>
<td></td>
<td>0</td>
<td>testcases.TC006_Delete_Emp_Record@7d61eb55</td></tr>
<tr>
<td title='testcases.TC004_PutEmployee_Record.UpdateRecords()'><b>UpdateRecords</b><br>Test class: testcases.TC004_PutEmployee_Record<br>Parameters: EMPNAME%EMPSAL%EMPAGE%</td>
<td></td>
<td>1</td>
<td>testcases.TC004_PutEmployee_Record@6c7a164b</td></tr>
<tr>
<td title='testcases.TC004_PutEmployee_Record.UpdateRecords()'><b>UpdateRecords</b><br>Test class: testcases.TC004_PutEmployee_Record<br>Parameters: Sandeep12341%100000.0%22.0%</td>
<td></td>
<td>1</td>
<td>testcases.TC004_PutEmployee_Record@6c7a164b</td></tr>
<tr>
<td title='testcases.TC005_Auth.get()'><b>get</b><br>Test class: testcases.TC005_Auth</td>
<td></td>
<td>2</td>
<td>testcases.TC005_Auth@62656be4</td></tr>
<tr>
<td title='testcases.TC003_GET_Header.get()'><b>get</b><br>Test class: testcases.TC003_GET_Header</td>
<td></td>
<td>1</td>
<td>testcases.TC003_GET_Header@222a59e6</td></tr>
<tr>
<td title='testcases.TC003_Post_Employee_Record.postEmployee()'><b>postEmployee</b><br>Test class: testcases.TC003_Post_Employee_Record<br>Parameters: EMPNAME%EMPSAL%EMPAGE%</td>
<td></td>
<td>2</td>
<td>testcases.TC003_Post_Employee_Record@53f3bdbd</td></tr>
<tr>
<td title='testcases.TC003_Post_Employee_Record.postEmployee()'><b>postEmployee</b><br>Test class: testcases.TC003_Post_Employee_Record<br>Parameters: Sand9%345564.0%25.0%</td>
<td></td>
<td>1</td>
<td>testcases.TC003_Post_Employee_Record@53f3bdbd</td></tr>
<tr>
<td title='testcases.TC003_Post_Employee_Record.postEmployee()'><b>postEmployee</b><br>Test class: testcases.TC003_Post_Employee_Record<br>Parameters: Sand789%35353.0%46.0%</td>
<td></td>
<td>1</td>
<td>testcases.TC003_Post_Employee_Record@53f3bdbd</td></tr>
<tr>
<td title='testcases.TC003_Post_Employee_Record.postEmployee()'><b>postEmployee</b><br>Test class: testcases.TC003_Post_Employee_Record<br>Parameters: san789%546754.0%37.0%</td>
<td></td>
<td>0</td>
<td>testcases.TC003_Post_Employee_Record@53f3bdbd</td></tr>
<tr>
<td title='testcases.TC003_Post_Employee_Record.postEmployee()'><b>postEmployee</b><br>Test class: testcases.TC003_Post_Employee_Record<br>Parameters: SAN4420%46456.0%38.0%</td>
<td></td>
<td>0</td>
<td>testcases.TC003_Post_Employee_Record@53f3bdbd</td></tr>
<tr>
<td title='testcases.TC003_Post_Employee_Record.postEmployee()'><b>postEmployee</b><br>Test class: testcases.TC003_Post_Employee_Record<br>Parameters: SAN329%34566.0%44.0%</td>
<td></td>
<td>0</td>
<td>testcases.TC003_Post_Employee_Record@53f3bdbd</td></tr>
</table><p>
<table width='100%' border='1' class='invocation-skipped'>
<tr><td colspan='4' align='center'><b>SKIPPED TESTS</b></td></tr>
<tr><td><b>Test method</b></td>
<td width="30%"><b>Exception</b></td>
<td width="10%"><b>Time (seconds)</b></td>
<td><b>Instance</b></td>
</tr>
<tr>
<td title='testcases.TC002_Get_Single_Employee_Data.CheckResponseBody()'><b>CheckResponseBody</b><br>Test class: testcases.TC002_Get_Single_Employee_Data</td>
<td><div><pre>java.lang.AssertionError: expected [true] but found [false]
	at testcases.TC002_Get_Single_Employee_Data.CheckResponseBody(TC002_Get_Single_Employee_Data.java:26)
	at java.base/java.util.concurrent.ThreadPoolExecutor.runWorker(ThreadPoolExecutor.java:1128)
	at java.base/java.util.concurrent.ThreadPoolExecutor$Worker.run(ThreadPoolExecutor.java:628)
	at java.base/java.lang.Thread.run(Thread.java:834)
... Removed 17 stack frames</pre></div><a href='#' onClick='toggleBox("stack-trace417824501", this, "Click to show all stack frames", "Click to hide stack frames")'>Click to show all stack frames</a>
<div class='stack-trace' id='stack-trace417824501'><pre>java.lang.AssertionError: expected [true] but found [false]
	at org.testng.Assert.fail(Assert.java:97)
	at org.testng.Assert.assertEqualsImpl(Assert.java:136)
	at org.testng.Assert.assertEquals(Assert.java:118)
	at org.testng.Assert.assertEquals(Assert.java:751)
	at org.testng.Assert.assertEquals(Assert.java:761)
	at testcases.TC002_Get_Single_Employee_Data.CheckResponseBody(TC002_Get_Single_Employee_Data.java:26)
	at java.base/jdk.internal.reflect.NativeMethodAccessorImpl.invoke0(Native Method)
	at java.base/jdk.internal.reflect.NativeMethodAccessorImpl.invoke(NativeMethodAccessorImpl.java:62)
	at java.base/jdk.internal.reflect.DelegatingMethodAccessorImpl.invoke(DelegatingMethodAccessorImpl.java:43)
	at java.base/java.lang.reflect.Method.invoke(Method.java:566)
	at org.testng.internal.MethodInvocationHelper.invokeMethod(MethodInvocationHelper.java:133)
	at org.testng.internal.TestInvoker.invokeMethod(TestInvoker.java:584)
	at org.testng.internal.TestInvoker.invokeTestMethod(TestInvoker.java:172)
	at org.testng.internal.MethodRunner.runInSequence(MethodRunner.java:46)
	at org.testng.internal.TestInvoker$MethodInvocationAgent.invoke(TestInvoker.java:804)
	at org.testng.internal.TestInvoker.invokeTestMethods(TestInvoker.java:145)
	at org.testng.internal.TestMethodWorker.invokeTestMethods(TestMethodWorker.java:146)
	at org.testng.internal.TestMethodWorker.run(TestMethodWorker.java:128)
	at java.base/java.util.concurrent.ThreadPoolExecutor.runWorker(ThreadPoolExecutor.java:1128)
	at java.base/java.util.concurrent.ThreadPoolExecutor$Worker.run(ThreadPoolExecutor.java:628)
	at java.base/java.lang.Thread.run(Thread.java:834)
</pre></div></td>
<td>0</td>
<td>testcases.TC002_Get_Single_Employee_Data@17d919b6</td></tr>
<tr>
<td title='testcases.TC002_Get_Single_Employee_Data.CheckResponseBody()'><b>CheckResponseBody</b><br>Test class: testcases.TC002_Get_Single_Employee_Data</td>
<td><div><pre>java.lang.AssertionError: expected [true] but found [false]
	at testcases.TC002_Get_Single_Employee_Data.CheckResponseBody(TC002_Get_Single_Employee_Data.java:26)
	at java.base/java.util.concurrent.ThreadPoolExecutor.runWorker(ThreadPoolExecutor.java:1128)
	at java.base/java.util.concurrent.ThreadPoolExecutor$Worker.run(ThreadPoolExecutor.java:628)
	at java.base/java.lang.Thread.run(Thread.java:834)
... Removed 17 stack frames</pre></div><a href='#' onClick='toggleBox("stack-trace520092905", this, "Click to show all stack frames", "Click to hide stack frames")'>Click to show all stack frames</a>
<div class='stack-trace' id='stack-trace520092905'><pre>java.lang.AssertionError: expected [true] but found [false]
	at org.testng.Assert.fail(Assert.java:97)
	at org.testng.Assert.assertEqualsImpl(Assert.java:136)
	at org.testng.Assert.assertEquals(Assert.java:118)
	at org.testng.Assert.assertEquals(Assert.java:751)
	at org.testng.Assert.assertEquals(Assert.java:761)
	at testcases.TC002_Get_Single_Employee_Data.CheckResponseBody(TC002_Get_Single_Employee_Data.java:26)
	at java.base/jdk.internal.reflect.NativeMethodAccessorImpl.invoke0(Native Method)
	at java.base/jdk.internal.reflect.NativeMethodAccessorImpl.invoke(NativeMethodAccessorImpl.java:62)
	at java.base/jdk.internal.reflect.DelegatingMethodAccessorImpl.invoke(DelegatingMethodAccessorImpl.java:43)
	at java.base/java.lang.reflect.Method.invoke(Method.java:566)
	at org.testng.internal.MethodInvocationHelper.invokeMethod(MethodInvocationHelper.java:133)
	at org.testng.internal.TestInvoker.invokeMethod(TestInvoker.java:584)
	at org.testng.internal.TestInvoker.retryFailed(TestInvoker.java:204)
	at org.testng.internal.MethodRunner.runInSequence(MethodRunner.java:58)
	at org.testng.internal.TestInvoker$MethodInvocationAgent.invoke(TestInvoker.java:804)
	at org.testng.internal.TestInvoker.invokeTestMethods(TestInvoker.java:145)
	at org.testng.internal.TestMethodWorker.invokeTestMethods(TestMethodWorker.java:146)
	at org.testng.internal.TestMethodWorker.run(TestMethodWorker.java:128)
	at java.base/java.util.concurrent.ThreadPoolExecutor.runWorker(ThreadPoolExecutor.java:1128)
	at java.base/java.util.concurrent.ThreadPoolExecutor$Worker.run(ThreadPoolExecutor.java:628)
	at java.base/java.lang.Thread.run(Thread.java:834)
</pre></div></td>
<td>0</td>
<td>testcases.TC002_Get_Single_Employee_Data@17d919b6</td></tr>
<tr>
<td title='testcases.TC002_Get_Single_Employee_Data.CheckResponseBody()'><b>CheckResponseBody</b><br>Test class: testcases.TC002_Get_Single_Employee_Data</td>
<td><div><pre>java.lang.AssertionError: expected [true] but found [false]
	at testcases.TC002_Get_Single_Employee_Data.CheckResponseBody(TC002_Get_Single_Employee_Data.java:26)
	at java.base/java.util.concurrent.ThreadPoolExecutor.runWorker(ThreadPoolExecutor.java:1128)
	at java.base/java.util.concurrent.ThreadPoolExecutor$Worker.run(ThreadPoolExecutor.java:628)
	at java.base/java.lang.Thread.run(Thread.java:834)
... Removed 17 stack frames</pre></div><a href='#' onClick='toggleBox("stack-trace2145894717", this, "Click to show all stack frames", "Click to hide stack frames")'>Click to show all stack frames</a>
<div class='stack-trace' id='stack-trace2145894717'><pre>java.lang.AssertionError: expected [true] but found [false]
	at org.testng.Assert.fail(Assert.java:97)
	at org.testng.Assert.assertEqualsImpl(Assert.java:136)
	at org.testng.Assert.assertEquals(Assert.java:118)
	at org.testng.Assert.assertEquals(Assert.java:751)
	at org.testng.Assert.assertEquals(Assert.java:761)
	at testcases.TC002_Get_Single_Employee_Data.CheckResponseBody(TC002_Get_Single_Employee_Data.java:26)
	at java.base/jdk.internal.reflect.NativeMethodAccessorImpl.invoke0(Native Method)
	at java.base/jdk.internal.reflect.NativeMethodAccessorImpl.invoke(NativeMethodAccessorImpl.java:62)
	at java.base/jdk.internal.reflect.DelegatingMethodAccessorImpl.invoke(DelegatingMethodAccessorImpl.java:43)
	at java.base/java.lang.reflect.Method.invoke(Method.java:566)
	at org.testng.internal.MethodInvocationHelper.invokeMethod(MethodInvocationHelper.java:133)
	at org.testng.internal.TestInvoker.invokeMethod(TestInvoker.java:584)
	at org.testng.internal.TestInvoker.retryFailed(TestInvoker.java:204)
	at org.testng.internal.MethodRunner.runInSequence(MethodRunner.java:58)
	at org.testng.internal.TestInvoker$MethodInvocationAgent.invoke(TestInvoker.java:804)
	at org.testng.internal.TestInvoker.invokeTestMethods(TestInvoker.java:145)
	at org.testng.internal.TestMethodWorker.invokeTestMethods(TestMethodWorker.java:146)
	at org.testng.internal.TestMethodWorker.run(TestMethodWorker.java:128)
	at java.base/java.util.concurrent.ThreadPoolExecutor.runWorker(ThreadPoolExecutor.java:1128)
	at java.base/java.util.concurrent.ThreadPoolExecutor$Worker.run(ThreadPoolExecutor.java:628)
	at java.base/java.lang.Thread.run(Thread.java:834)
</pre></div></td>
<td>0</td>
<td>testcases.TC002_Get_Single_Employee_Data@17d919b6</td></tr>
</table><p>
</body>
</html>