{"name":"Runs Cucumber Feature","status":"broken","statusDetails":{"known":false,"muted":false,"flaky":false,"message":"java.lang.AssertionError: did not expect to find [true] but found [false]","trace":"cucumber.runtime.CucumberException: java.lang.AssertionError: did not expect to find [true] but found [false]\r\n\tat cucumber.api.testng.TestNGCucumberRunner.runCucumber(TestNGCucumberRunner.java:69)\r\n\tat testRunner.TestRunner.feature(TestRunner.java:32)\r\n\tat sun.reflect.NativeMethodAccessorImpl.invoke0(Native Method)\r\n\tat sun.reflect.NativeMethodAccessorImpl.invoke(NativeMethodAccessorImpl.java:62)\r\n\tat sun.reflect.DelegatingMethodAccessorImpl.invoke(DelegatingMethodAccessorImpl.java:43)\r\n\tat java.lang.reflect.Method.invoke(Method.java:498)\r\n\tat org.testng.internal.MethodInvocationHelper.invokeMethod(MethodInvocationHelper.java:133)\r\n\tat org.testng.internal.TestInvoker.invokeMethod(TestInvoker.java:584)\r\n\tat org.testng.internal.TestInvoker.invokeTestMethod(TestInvoker.java:172)\r\n\tat org.testng.internal.MethodRunner.runInSequence(MethodRunner.java:46)\r\n\tat org.testng.internal.TestInvoker$MethodInvocationAgent.invoke(TestInvoker.java:804)\r\n\tat org.testng.internal.TestInvoker.invokeTestMethods(TestInvoker.java:145)\r\n\tat org.testng.internal.TestMethodWorker.invokeTestMethods(TestMethodWorker.java:146)\r\n\tat org.testng.internal.TestMethodWorker.run(TestMethodWorker.java:128)\r\n\tat java.util.ArrayList.forEach(ArrayList.java:1257)\r\n\tat org.testng.TestRunner.privateRun(TestRunner.java:770)\r\n\tat org.testng.TestRunner.run(TestRunner.java:591)\r\n\tat org.testng.SuiteRunner.runTest(SuiteRunner.java:402)\r\n\tat org.testng.SuiteRunner.runSequentially(SuiteRunner.java:396)\r\n\tat org.testng.SuiteRunner.privateRun(SuiteRunner.java:355)\r\n\tat org.testng.SuiteRunner.run(SuiteRunner.java:304)\r\n\tat org.testng.SuiteRunnerWorker.runSuite(SuiteRunnerWorker.java:53)\r\n\tat org.testng.SuiteRunnerWorker.run(SuiteRunnerWorker.java:96)\r\n\tat org.testng.TestNG.runSuitesSequentially(TestNG.java:1180)\r\n\tat org.testng.TestNG.runSuitesLocally(TestNG.java:1102)\r\n\tat org.testng.TestNG.runSuites(TestNG.java:1032)\r\n\tat org.testng.TestNG.run(TestNG.java:1000)\r\n\tat org.testng.remote.AbstractRemoteTestNG.run(AbstractRemoteTestNG.java:115)\r\n\tat org.testng.remote.RemoteTestNG.initAndRun(RemoteTestNG.java:251)\r\n\tat org.testng.remote.RemoteTestNG.main(RemoteTestNG.java:77)\r\nCaused by: java.lang.AssertionError: did not expect to find [true] but found [false]\r\n\tat org.testng.Assert.fail(Assert.java:97)\r\n\tat org.testng.Assert.failNotEquals(Assert.java:969)\r\n\tat org.testng.Assert.assertTrue(Assert.java:43)\r\n\tat org.testng.Assert.assertTrue(Assert.java:53)\r\n\tat steps.SeatSelectionSteps.checkUrl(SeatSelectionSteps.java:111)\r\n\tat stepdefs.SeatSelectionstepdef.user_moves_to_payment_and_validates_info_in_ticket(SeatSelectionstepdef.java:77)\r\n\tat âœ½.Then user moves to payment and validates info in ticket(seatSelection.feature:15)\r\n"},"stage":"finished","steps":[],"attachments":[],"parameters":[{"name":"arg0","value":"Movie Booking seating Feature"}],"start":1576222698444,"stop":1576222711140,"uuid":"2b4f16b8-4b89-4f42-b158-cf28c2d000cc","historyId":"220c9b290335fe91b6d945a927ddb8b6","fullName":"testRunner.TestRunner.feature","labels":[{"name":"package","value":"testRunner.TestRunner"},{"name":"testClass","value":"testRunner.TestRunner"},{"name":"testMethod","value":"feature"},{"name":"parentSuite","value":"Default suite"},{"name":"suite","value":"Default test"},{"name":"subSuite","value":"testRunner.TestRunner"},{"name":"host","value":"EPINHYDW0238"},{"name":"thread","value":"37920@EPINHYDW0238.main(1)"},{"name":"framework","value":"testng"},{"name":"language","value":"java"}],"links":[]}